<?xml version="1.0" encoding="UTF-8"?>
<!-- Generated by org.testng.reporters.JUnitReportReporter -->
<testsuite skipped="0" hostname="BDC6-DX-HRVWFD2" name="testmeapps.test.TestAppAbotUs" tests="1" failures="0" timestamp="19 Jun 2019 06:53:18 GMT" time="10.351" errors="0">
  <testcase name="testMeAPPTest1" time="10.351" classname="testmeapps.test.TestAppAbotUs"/>
</testsuite> <!-- testmeapps.test.TestAppAbotUs -->
