<?xml version="1.0" encoding="UTF-8"?>
<!-- Generated by org.testng.reporters.JUnitReportReporter -->
<testsuite skipped="0" hostname="BDC6-DX-HRVWFD2" name="testmeapps.test.NewTest2" tests="1" failures="0" timestamp="18 Jun 2019 02:55:39 GMT" time="20.730" errors="0">
  <testcase name="testKeyStrokes" time="20.730" classname="testmeapps.test.NewTest2"/>
</testsuite> <!-- testmeapps.test.NewTest2 -->
