<?xml version="1.0" encoding="UTF-8"?>
<!-- Generated by org.testng.reporters.JUnitReportReporter -->
<testsuite skipped="0" hostname="BDC6-DX-HRVWFD2" name="testmeapps.test.Casestudy1" tests="5" failures="0" timestamp="19 Jun 2019 04:08:18 GMT" time="11.891" errors="0">
  <testcase name="endReportAfterTest" time="0.016" classname="testmeapps.test.Casestudy1"/>
  <testcase name="getResultAfterMethod" time="0.001" classname="testmeapps.test.Casestudy1"/>
  <testcase name="testRegistration" time="10.055" classname="testmeapps.test.Casestudy1"/>
  <testcase name="testLogin" time="0.602" classname="testmeapps.test.Casestudy1"/>
  <testcase name="testCart" time="1.217" classname="testmeapps.test.Casestudy1"/>
</testsuite> <!-- testmeapps.test.Casestudy1 -->
