<?xml version="1.0" encoding="UTF-8"?>
<!-- Generated by org.testng.reporters.JUnitReportReporter -->
<testsuite skipped="0" hostname="BDC6-DX-HRVWFD2" name="testmeapps.test.NewDataDriven" tests="1" failures="0" timestamp="18 Jun 2019 10:22:17 GMT" time="0.630" errors="0">
  <testcase name="testReadExcel" time="0.630" classname="testmeapps.test.NewDataDriven"/>
</testsuite> <!-- testmeapps.test.NewDataDriven -->
